build/outputs/logs/manifest-merger-debug-report.txt
-- Merging decision tree log ---
manifest
ADDED from Android\Grocer\AndroidManifest.xml:1:1-30:12
	package
		ADDED from Android\Grocer\AndroidManifest.xml:2:5-33
	android:versionName
		ADDED from Android\Grocer\AndroidManifest.xml:4:5-30
	android:versionCode
		ADDED from Android\Grocer\AndroidManifest.xml:3:5-28
		INJECTED from Android\Grocer\AndroidManifest.xml
		INJECTED from Android\Grocer\AndroidManifest.xml
	xmlns:android
		ADDED from Android\Grocer\AndroidManifest.xml:1:11-69
uses-sdk
ADDED from Android\Grocer\AndroidManifest.xml:6:5-8:41
	android:targetSdkVersion
		ADDED from Android\Grocer\AndroidManifest.xml:8:9-38
	android:minSdkVersion
		ADDED from Android\Grocer\AndroidManifest.xml:7:9-34
application
ADDED from Android\Grocer\AndroidManifest.xml:10:5-28:19
	android:label
		ADDED from Android\Grocer\AndroidManifest.xml:12:9-41
	android:icon
		ADDED from Android\Grocer\AndroidManifest.xml:11:9-45
	android:theme
		ADDED from Android\Grocer\AndroidManifest.xml:13:9-40
activity#com.stufkan.grocer.MainActivity
ADDED from Android\Grocer\AndroidManifest.xml:14:9-24:20
	android:label
		ADDED from Android\Grocer\AndroidManifest.xml:16:13-56
	android:name
		ADDED from Android\Grocer\AndroidManifest.xml:15:13-41
meta-data#android.support.PARENT_ACTIVITY
ADDED from Android\Grocer\AndroidManifest.xml:17:13-19:86
	android:value
		ADDED from Android\Grocer\AndroidManifest.xml:19:17-83
	android:name
		ADDED from Android\Grocer\AndroidManifest.xml:18:17-63
intent-filter#android.intent.action.MAIN+android.intent.category.LAUNCHER
ADDED from Android\Grocer\AndroidManifest.xml:20:14-23:25
action#android.intent.action.MAIN
ADDED from Android\Grocer\AndroidManifest.xml:21:13-65
	android:name
		ADDED from Android\Grocer\AndroidManifest.xml:21:21-62
category#android.intent.category.LAUNCHER
ADDED from Android\Grocer\AndroidManifest.xml:22:13-73
	android:name
		ADDED from Android\Grocer\AndroidManifest.xml:22:23-70
activity#com.stufkan.grocer.Second
ADDED from Android\Grocer\AndroidManifest.xml:25:9-27:20
	android:label
		ADDED from Android\Grocer\AndroidManifest.xml:25:42-78
	android:name
		ADDED from Android\Grocer\AndroidManifest.xml:25:19-41